15:05:46 **** Incremental Build of configuration Debug for project testfft ****
make -r all 
Building target: testfft.axf
Invoking: MCU Linker
arm-none-eabi-gcc -nostdlib -L"B:\Dropbox\TestLPCmatlab\LPC\thdmeter\lpc_board_nxp_lpcxpresso_1769\Debug" -L"B:\Dropbox\TestLPCmatlab\LPC\thdmeter\lpc_chip_175x_6x\Debug" -L"B:\Dropbox\TestLPCmatlab\LPC\thdmeter\CMSIS_DSPLIB_CM3\lib" -Xlinker -Map="testfft.map" -Xlinker --gc-sections -Xlinker -print-memory-usage -mcpu=cortex-m3 -mthumb -T "testfft_Debug.ld" -o "testfft.axf"  ./src/cr_startup_lpc175x_6x.o ./src/crp.o ./src/sysinit.o ./src/testfft.o   -llpc_board_nxp_lpcxpresso_1769 -llpc_chip_175x_6x -lCMSIS_DSPLIB_CM3
c:/nxp/lpcxpresso_8.0.0_526/lpcxpresso/tools/bin/../lib/gcc/arm-none-eabi/4.9.3/../../../../arm-none-eabi/bin/ld.exe: bad -rpath option
collect2.exe: error: ld returned 1 exit status
make: *** [testfft.axf] Error 1

15:05:46 Build Finished (took 406ms)

